This is pdfTeX, Version 3.14159265-2.6-1.40.17 (MiKTeX 2.9.6210 64-bit) (preloaded format=pdflatex 2017.1.16)  26 FEB 2017 17:04
entering extended mode
**./signal_analysis_figures.tex
(signal_analysis_figures.tex
LaTeX2e <2016/03/31> patch level 3
Babel <3.9r> and hyphenation patterns for 75 language(s) loaded.
("C:\MiKTeX 2.9\tex\latex\standalone\standalone.cls"
Document Class: standalone 2015/07/15 v1.2 Class to compile TeX sub-files stand
alone
("C:\MiKTeX 2.9\tex\generic\oberdiek\ifluatex.sty"
Package: ifluatex 2016/05/16 v1.4 Provides the ifluatex switch (HO)
Package ifluatex Info: LuaTeX not detected.
)
("C:\MiKTeX 2.9\tex\generic\oberdiek\ifpdf.sty"
Package: ifpdf 2016/05/14 v3.1 Provides the ifpdf switch
)
("C:\MiKTeX 2.9\tex\generic\ifxetex\ifxetex.sty"
Package: ifxetex 2010/09/12 v0.6 Provides ifxetex conditional
)
("C:\MiKTeX 2.9\tex\latex\xkeyval\xkeyval.sty"
Package: xkeyval 2014/12/03 v2.7a package option processing (HA)

("C:\MiKTeX 2.9\tex\generic\xkeyval\xkeyval.tex"
("C:\MiKTeX 2.9\tex\generic\xkeyval\xkvutils.tex"
\XKV@toks=\toks14
\XKV@tempa@toks=\toks15

("C:\MiKTeX 2.9\tex\generic\xkeyval\keyval.tex"))
\XKV@depth=\count79
File: xkeyval.tex 2014/12/03 v2.7a key=value parser (HA)
))
\sa@internal=\count80
\c@sapage=\count81

("C:\MiKTeX 2.9\tex\latex\standalone\standalone.cfg"
File: standalone.cfg 2015/07/15 v1.2 Default configuration file for 'standalone
' class
)
("C:\MiKTeX 2.9\tex\latex\base\article.cls"
Document Class: article 2014/09/29 v1.4h Standard LaTeX document class
("C:\MiKTeX 2.9\tex\latex\base\size10.clo"
File: size10.clo 2014/09/29 v1.4h Standard LaTeX file (size option)
)
\c@part=\count82
\c@section=\count83
\c@subsection=\count84
\c@subsubsection=\count85
\c@paragraph=\count86
\c@subparagraph=\count87
\c@figure=\count88
\c@table=\count89
\abovecaptionskip=\skip41
\belowcaptionskip=\skip42
\bibindent=\dimen102
)
("C:\MiKTeX 2.9\tex\latex\pgf\frontendlayer\tikz.sty"
("C:\MiKTeX 2.9\tex\latex\pgf\basiclayer\pgf.sty"
("C:\MiKTeX 2.9\tex\latex\pgf\utilities\pgfrcs.sty"
("C:\MiKTeX 2.9\tex\generic\pgf\utilities\pgfutil-common.tex"
\pgfutil@everybye=\toks16
\pgfutil@tempdima=\dimen103
\pgfutil@tempdimb=\dimen104

("C:\MiKTeX 2.9\tex\generic\pgf\utilities\pgfutil-common-lists.tex"))
("C:\MiKTeX 2.9\tex\generic\pgf\utilities\pgfutil-latex.def"
\pgfutil@abb=\box26

("C:\MiKTeX 2.9\tex\latex\ms\everyshi.sty"
Package: everyshi 2001/05/15 v3.00 EveryShipout Package (MS)
))
("C:\MiKTeX 2.9\tex\generic\pgf\utilities\pgfrcs.code.tex"
Package: pgfrcs 2015/08/07 v3.0.1a (rcs-revision 1.31)
))
Package: pgf 2015/08/07 v3.0.1a (rcs-revision 1.15)

("C:\MiKTeX 2.9\tex\latex\pgf\basiclayer\pgfcore.sty"
("C:\MiKTeX 2.9\tex\latex\graphics\graphicx.sty"
Package: graphicx 2014/10/28 v1.0g Enhanced LaTeX Graphics (DPC,SPQR)

("C:\MiKTeX 2.9\tex\latex\graphics\graphics.sty"
Package: graphics 2016/07/10 v1.0t Standard LaTeX Graphics (DPC,SPQR)

("C:\MiKTeX 2.9\tex\latex\graphics\trig.sty"
Package: trig 2016/01/03 v1.10 sin cos tan (DPC)
)
("C:\MiKTeX 2.9\tex\latex\graphics-cfg\graphics.cfg"
File: graphics.cfg 2016/06/04 v1.11 sample graphics configuration
)
Package graphics Info: Driver file: pdftex.def on input line 99.

("C:\MiKTeX 2.9\tex\latex\graphics-def\pdftex.def"
File: pdftex.def 2016/07/10 v0.06j Graphics/color for pdfTeX

("C:\MiKTeX 2.9\tex\generic\oberdiek\infwarerr.sty"
Package: infwarerr 2016/05/16 v1.4 Providing info/warning/error messages (HO)
)
("C:\MiKTeX 2.9\tex\generic\oberdiek\ltxcmds.sty"
Package: ltxcmds 2016/05/16 v1.23 LaTeX kernel commands for general use (HO)
)
\Gread@gobject=\count90
))
\Gin@req@height=\dimen105
\Gin@req@width=\dimen106
)
("C:\MiKTeX 2.9\tex\latex\pgf\systemlayer\pgfsys.sty"
("C:\MiKTeX 2.9\tex\generic\pgf\systemlayer\pgfsys.code.tex"
Package: pgfsys 2014/07/09 v3.0.1a (rcs-revision 1.48)

("C:\MiKTeX 2.9\tex\generic\pgf\utilities\pgfkeys.code.tex"
\pgfkeys@pathtoks=\toks17
\pgfkeys@temptoks=\toks18

("C:\MiKTeX 2.9\tex\generic\pgf\utilities\pgfkeysfiltered.code.tex"
\pgfkeys@tmptoks=\toks19
))
\pgf@x=\dimen107
\pgf@y=\dimen108
\pgf@xa=\dimen109
\pgf@ya=\dimen110
\pgf@xb=\dimen111
\pgf@yb=\dimen112
\pgf@xc=\dimen113
\pgf@yc=\dimen114
\w@pgf@writea=\write3
\r@pgf@reada=\read1
\c@pgf@counta=\count91
\c@pgf@countb=\count92
\c@pgf@countc=\count93
\c@pgf@countd=\count94
\t@pgf@toka=\toks20
\t@pgf@tokb=\toks21
\t@pgf@tokc=\toks22

("C:\MiKTeX 2.9\tex\generic\pgf\systemlayer\pgf.cfg"
File: pgf.cfg 2008/05/14  (rcs-revision 1.7)
)
Driver file for pgf: pgfsys-pdftex.def

("C:\MiKTeX 2.9\tex\generic\pgf\systemlayer\pgfsys-pdftex.def"
File: pgfsys-pdftex.def 2014/10/11  (rcs-revision 1.35)

("C:\MiKTeX 2.9\tex\generic\pgf\systemlayer\pgfsys-common-pdf.def"
File: pgfsys-common-pdf.def 2013/10/10  (rcs-revision 1.13)
)))
("C:\MiKTeX 2.9\tex\generic\pgf\systemlayer\pgfsyssoftpath.code.tex"
File: pgfsyssoftpath.code.tex 2013/09/09  (rcs-revision 1.9)
\pgfsyssoftpath@smallbuffer@items=\count95
\pgfsyssoftpath@bigbuffer@items=\count96
)
("C:\MiKTeX 2.9\tex\generic\pgf\systemlayer\pgfsysprotocol.code.tex"
File: pgfsysprotocol.code.tex 2006/10/16  (rcs-revision 1.4)
))
("C:\MiKTeX 2.9\tex\latex\xcolor\xcolor.sty"
Package: xcolor 2016/05/11 v2.12 LaTeX color extensions (UK)

("C:\MiKTeX 2.9\tex\latex\graphics-cfg\color.cfg"
File: color.cfg 2016/01/02 v1.6 sample color configuration
)
Package xcolor Info: Driver file: pdftex.def on input line 225.
Package xcolor Info: Model `cmy' substituted by `cmy0' on input line 1348.
Package xcolor Info: Model `hsb' substituted by `rgb' on input line 1352.
Package xcolor Info: Model `RGB' extended on input line 1364.
Package xcolor Info: Model `HTML' substituted by `rgb' on input line 1366.
Package xcolor Info: Model `Hsb' substituted by `hsb' on input line 1367.
Package xcolor Info: Model `tHsb' substituted by `hsb' on input line 1368.
Package xcolor Info: Model `HSB' substituted by `hsb' on input line 1369.
Package xcolor Info: Model `Gray' substituted by `gray' on input line 1370.
Package xcolor Info: Model `wave' substituted by `hsb' on input line 1371.
)
("C:\MiKTeX 2.9\tex\generic\pgf\basiclayer\pgfcore.code.tex"
Package: pgfcore 2010/04/11 v3.0.1a (rcs-revision 1.7)

("C:\MiKTeX 2.9\tex\generic\pgf\math\pgfmath.code.tex"
("C:\MiKTeX 2.9\tex\generic\pgf\math\pgfmathcalc.code.tex"
("C:\MiKTeX 2.9\tex\generic\pgf\math\pgfmathutil.code.tex")
("C:\MiKTeX 2.9\tex\generic\pgf\math\pgfmathparser.code.tex"
\pgfmath@dimen=\dimen115
\pgfmath@count=\count97
\pgfmath@box=\box27
\pgfmath@toks=\toks23
\pgfmath@stack@operand=\toks24
\pgfmath@stack@operation=\toks25
)
("C:\MiKTeX 2.9\tex\generic\pgf\math\pgfmathfunctions.code.tex"
("C:\MiKTeX 2.9\tex\generic\pgf\math\pgfmathfunctions.basic.code.tex")
("C:\MiKTeX 2.9\tex\generic\pgf\math\pgfmathfunctions.trigonometric.code.tex")
("C:\MiKTeX 2.9\tex\generic\pgf\math\pgfmathfunctions.random.code.tex")
("C:\MiKTeX 2.9\tex\generic\pgf\math\pgfmathfunctions.comparison.code.tex")
("C:\MiKTeX 2.9\tex\generic\pgf\math\pgfmathfunctions.base.code.tex")
("C:\MiKTeX 2.9\tex\generic\pgf\math\pgfmathfunctions.round.code.tex")
("C:\MiKTeX 2.9\tex\generic\pgf\math\pgfmathfunctions.misc.code.tex")
("C:\MiKTeX 2.9\tex\generic\pgf\math\pgfmathfunctions.integerarithmetics.code.t
ex"))) ("C:\MiKTeX 2.9\tex\generic\pgf\math\pgfmathfloat.code.tex"
\c@pgfmathroundto@lastzeros=\count98
))
("C:\MiKTeX 2.9\tex\generic\pgf\basiclayer\pgfcorepoints.code.tex"
File: pgfcorepoints.code.tex 2013/10/07  (rcs-revision 1.27)
\pgf@picminx=\dimen116
\pgf@picmaxx=\dimen117
\pgf@picminy=\dimen118
\pgf@picmaxy=\dimen119
\pgf@pathminx=\dimen120
\pgf@pathmaxx=\dimen121
\pgf@pathminy=\dimen122
\pgf@pathmaxy=\dimen123
\pgf@xx=\dimen124
\pgf@xy=\dimen125
\pgf@yx=\dimen126
\pgf@yy=\dimen127
\pgf@zx=\dimen128
\pgf@zy=\dimen129
)
("C:\MiKTeX 2.9\tex\generic\pgf\basiclayer\pgfcorepathconstruct.code.tex"
File: pgfcorepathconstruct.code.tex 2013/10/07  (rcs-revision 1.29)
\pgf@path@lastx=\dimen130
\pgf@path@lasty=\dimen131
)
("C:\MiKTeX 2.9\tex\generic\pgf\basiclayer\pgfcorepathusage.code.tex"
File: pgfcorepathusage.code.tex 2014/11/02  (rcs-revision 1.24)
\pgf@shorten@end@additional=\dimen132
\pgf@shorten@start@additional=\dimen133
)
("C:\MiKTeX 2.9\tex\generic\pgf\basiclayer\pgfcorescopes.code.tex"
File: pgfcorescopes.code.tex 2015/05/08  (rcs-revision 1.46)
\pgfpic=\box28
\pgf@hbox=\box29
\pgf@layerbox@main=\box30
\pgf@picture@serial@count=\count99
)
("C:\MiKTeX 2.9\tex\generic\pgf\basiclayer\pgfcoregraphicstate.code.tex"
File: pgfcoregraphicstate.code.tex 2014/11/02  (rcs-revision 1.12)
\pgflinewidth=\dimen134
)
("C:\MiKTeX 2.9\tex\generic\pgf\basiclayer\pgfcoretransformations.code.tex"
File: pgfcoretransformations.code.tex 2015/08/07  (rcs-revision 1.20)
\pgf@pt@x=\dimen135
\pgf@pt@y=\dimen136
\pgf@pt@temp=\dimen137
)
("C:\MiKTeX 2.9\tex\generic\pgf\basiclayer\pgfcorequick.code.tex"
File: pgfcorequick.code.tex 2008/10/09  (rcs-revision 1.3)
)
("C:\MiKTeX 2.9\tex\generic\pgf\basiclayer\pgfcoreobjects.code.tex"
File: pgfcoreobjects.code.tex 2006/10/11  (rcs-revision 1.2)
)
("C:\MiKTeX 2.9\tex\generic\pgf\basiclayer\pgfcorepathprocessing.code.tex"
File: pgfcorepathprocessing.code.tex 2013/09/09  (rcs-revision 1.9)
)
("C:\MiKTeX 2.9\tex\generic\pgf\basiclayer\pgfcorearrows.code.tex"
File: pgfcorearrows.code.tex 2015/05/14  (rcs-revision 1.43)
\pgfarrowsep=\dimen138
)
("C:\MiKTeX 2.9\tex\generic\pgf\basiclayer\pgfcoreshade.code.tex"
File: pgfcoreshade.code.tex 2013/07/15  (rcs-revision 1.15)
\pgf@max=\dimen139
\pgf@sys@shading@range@num=\count100
)
("C:\MiKTeX 2.9\tex\generic\pgf\basiclayer\pgfcoreimage.code.tex"
File: pgfcoreimage.code.tex 2013/07/15  (rcs-revision 1.18)

("C:\MiKTeX 2.9\tex\generic\pgf\basiclayer\pgfcoreexternal.code.tex"
File: pgfcoreexternal.code.tex 2014/07/09  (rcs-revision 1.21)
\pgfexternal@startupbox=\box31
))
("C:\MiKTeX 2.9\tex\generic\pgf\basiclayer\pgfcorelayers.code.tex"
File: pgfcorelayers.code.tex 2013/07/18  (rcs-revision 1.7)
)
("C:\MiKTeX 2.9\tex\generic\pgf\basiclayer\pgfcoretransparency.code.tex"
File: pgfcoretransparency.code.tex 2013/09/30  (rcs-revision 1.5)
)
("C:\MiKTeX 2.9\tex\generic\pgf\basiclayer\pgfcorepatterns.code.tex"
File: pgfcorepatterns.code.tex 2013/11/07  (rcs-revision 1.5)
)))
("C:\MiKTeX 2.9\tex\generic\pgf\modules\pgfmoduleshapes.code.tex"
File: pgfmoduleshapes.code.tex 2014/03/21  (rcs-revision 1.35)
\pgfnodeparttextbox=\box32
)
("C:\MiKTeX 2.9\tex\generic\pgf\modules\pgfmoduleplot.code.tex"
File: pgfmoduleplot.code.tex 2015/08/03  (rcs-revision 1.13)
)
("C:\MiKTeX 2.9\tex\latex\pgf\compatibility\pgfcomp-version-0-65.sty"
Package: pgfcomp-version-0-65 2007/07/03 v3.0.1a (rcs-revision 1.7)
\pgf@nodesepstart=\dimen140
\pgf@nodesepend=\dimen141
)
("C:\MiKTeX 2.9\tex\latex\pgf\compatibility\pgfcomp-version-1-18.sty"
Package: pgfcomp-version-1-18 2007/07/23 v3.0.1a (rcs-revision 1.1)
))
("C:\MiKTeX 2.9\tex\latex\pgf\utilities\pgffor.sty"
("C:\MiKTeX 2.9\tex\latex\pgf\utilities\pgfkeys.sty"
("C:\MiKTeX 2.9\tex\generic\pgf\utilities\pgfkeys.code.tex"))
("C:\MiKTeX 2.9\tex\latex\pgf\math\pgfmath.sty"
("C:\MiKTeX 2.9\tex\generic\pgf\math\pgfmath.code.tex"))
("C:\MiKTeX 2.9\tex\generic\pgf\utilities\pgffor.code.tex"
Package: pgffor 2013/12/13 v3.0.1a (rcs-revision 1.25)

("C:\MiKTeX 2.9\tex\generic\pgf\math\pgfmath.code.tex")
\pgffor@iter=\dimen142
\pgffor@skip=\dimen143
\pgffor@stack=\toks26
\pgffor@toks=\toks27
))
("C:\MiKTeX 2.9\tex\generic\pgf\frontendlayer\tikz\tikz.code.tex"
Package: tikz 2015/08/07 v3.0.1a (rcs-revision 1.151)

("C:\MiKTeX 2.9\tex\generic\pgf\libraries\pgflibraryplothandlers.code.tex"
File: pgflibraryplothandlers.code.tex 2013/08/31 v3.0.1a (rcs-revision 1.20)
\pgf@plot@mark@count=\count101
\pgfplotmarksize=\dimen144
)
\tikz@lastx=\dimen145
\tikz@lasty=\dimen146
\tikz@lastxsaved=\dimen147
\tikz@lastysaved=\dimen148
\tikzleveldistance=\dimen149
\tikzsiblingdistance=\dimen150
\tikz@figbox=\box33
\tikz@figbox@bg=\box34
\tikz@tempbox=\box35
\tikz@tempbox@bg=\box36
\tikztreelevel=\count102
\tikznumberofchildren=\count103
\tikznumberofcurrentchild=\count104
\tikz@fig@count=\count105

("C:\MiKTeX 2.9\tex\generic\pgf\modules\pgfmodulematrix.code.tex"
File: pgfmodulematrix.code.tex 2013/09/17  (rcs-revision 1.8)
\pgfmatrixcurrentrow=\count106
\pgfmatrixcurrentcolumn=\count107
\pgf@matrix@numberofcolumns=\count108
)
\tikz@expandcount=\count109

("C:\MiKTeX 2.9\tex\generic\pgf\frontendlayer\tikz\libraries\tikzlibrarytopaths
.code.tex"
File: tikzlibrarytopaths.code.tex 2008/06/17 v3.0.1a (rcs-revision 1.2)
)))
\sa@box=\box37
) ("C:\MiKTeX 2.9\tex\latex\pgfplots\pgfplots.sty"
("C:\MiKTeX 2.9\tex\generic\pgfplots\pgfplots.revision.tex")
Package: pgfplots 2016/08/10 v1.14 Data Visualization (1.14)

("C:\MiKTeX 2.9\tex\generic\pgfplots\pgfplots.code.tex"
("C:\MiKTeX 2.9\tex\generic\pgfplots\pgfplotscore.code.tex"
\t@pgfplots@toka=\toks28
\t@pgfplots@tokb=\toks29
\t@pgfplots@tokc=\toks30
\pgfplots@tmpa=\dimen151
\c@pgfplots@coordindex=\count110
\c@pgfplots@scanlineindex=\count111

("C:\MiKTeX 2.9\tex\generic\pgfplots\sys\pgfplotssysgeneric.code.tex"))
("C:\MiKTeX 2.9\tex\generic\pgfplots\libs\pgfplotslibrary.code.tex")
("C:\MiKTeX 2.9\tex\generic\pgfplots\oldpgfcompatib\pgfplotsoldpgfsupp_loader.c
ode.tex" ("C:\MiKTeX 2.9\tex\generic\pgf\libraries\pgflibraryfpu.code.tex")
Package pgfplots: loading complementary arithmetics for your pgf version...

("C:\MiKTeX 2.9\tex\generic\pgfplots\oldpgfcompatib\pgfplotsoldpgfsupp_pgflibra
ryfpu.code.tex")
("C:\MiKTeX 2.9\tex\generic\pgfplots\oldpgfcompatib\pgfplotsoldpgfsupp_pgfmathf
loat.code.tex"
\c@pgfmathroundto@lastzeros=\count112
)) ("C:\MiKTeX 2.9\tex\generic\pgfplots\util\pgfplotsutil.code.tex"
("C:\MiKTeX 2.9\tex\generic\pgfplots\liststructure\pgfplotsliststructure.code.t
ex")
("C:\MiKTeX 2.9\tex\generic\pgfplots\liststructure\pgfplotsliststructureext.cod
e.tex")
("C:\MiKTeX 2.9\tex\generic\pgfplots\liststructure\pgfplotsarray.code.tex"
\c@pgfplotsarray@tmp=\count113
)
("C:\MiKTeX 2.9\tex\generic\pgfplots\liststructure\pgfplotsmatrix.code.tex")
("C:\MiKTeX 2.9\tex\generic\pgfplots\numtable\pgfplotstableshared.code.tex"
\c@pgfplotstable@counta=\count114
\t@pgfplotstable@a=\toks31
)
("C:\MiKTeX 2.9\tex\generic\pgfplots\liststructure\pgfplotsdeque.code.tex")
("C:\MiKTeX 2.9\tex\generic\pgfplots\util\pgfplotsbinary.code.tex"
("C:\MiKTeX 2.9\tex\generic\pgfplots\util\pgfplotsbinary.data.code.tex"))
("C:\MiKTeX 2.9\tex\generic\pgfplots\util\pgfplotsutil.verb.code.tex")
("C:\MiKTeX 2.9\tex\generic\pgfplots\libs\pgflibrarypgfplots.surfshading.code.t
ex"
\c@pgfplotslibrarysurf@no=\count115

("C:\MiKTeX 2.9\tex\generic\pgfplots\sys\pgflibrarypgfplots.surfshading.pgfsys-
pdftex.def")))
("C:\MiKTeX 2.9\tex\generic\pgfplots\util\pgfplotscolormap.code.tex"
("C:\MiKTeX 2.9\tex\generic\pgfplots\util\pgfplotscolor.code.tex"))
("C:\MiKTeX 2.9\tex\generic\pgfplots\pgfplotsstackedplots.code.tex")
("C:\MiKTeX 2.9\tex\generic\pgfplots\pgfplotsplothandlers.code.tex"
("C:\MiKTeX 2.9\tex\generic\pgfplots\pgfplotsmeshplothandler.code.tex"
("C:\MiKTeX 2.9\tex\generic\pgfplots\pgfplotsmeshplotimage.code.tex")))
("C:\MiKTeX 2.9\tex\generic\pgfplots\pgfplots.scaling.code.tex")
("C:\MiKTeX 2.9\tex\generic\pgfplots\pgfplotscoordprocessing.code.tex")
("C:\MiKTeX 2.9\tex\generic\pgfplots\pgfplots.errorbars.code.tex")
("C:\MiKTeX 2.9\tex\generic\pgfplots\pgfplots.markers.code.tex")
("C:\MiKTeX 2.9\tex\generic\pgfplots\pgfplotsticks.code.tex")
("C:\MiKTeX 2.9\tex\generic\pgfplots\pgfplots.paths.code.tex")
("C:\MiKTeX 2.9\tex\generic\pgf\frontendlayer\tikz\libraries\tikzlibrarydecorat
ions.code.tex"
("C:\MiKTeX 2.9\tex\generic\pgf\modules\pgfmoduledecorations.code.tex"
\pgfdecoratedcompleteddistance=\dimen152
\pgfdecoratedremainingdistance=\dimen153
\pgfdecoratedinputsegmentcompleteddistance=\dimen154
\pgfdecoratedinputsegmentremainingdistance=\dimen155
\pgf@decorate@distancetomove=\dimen156
\pgf@decorate@repeatstate=\count116
\pgfdecorationsegmentamplitude=\dimen157
\pgfdecorationsegmentlength=\dimen158
)
\tikz@lib@dec@box=\box38
)
("C:\MiKTeX 2.9\tex\generic\pgf\frontendlayer\tikz\libraries\tikzlibrarydecorat
ions.pathmorphing.code.tex"
("C:\MiKTeX 2.9\tex\generic\pgf\libraries\decorations\pgflibrarydecorations.pat
hmorphing.code.tex"))
("C:\MiKTeX 2.9\tex\generic\pgf\frontendlayer\tikz\libraries\tikzlibrarydecorat
ions.pathreplacing.code.tex"
("C:\MiKTeX 2.9\tex\generic\pgf\libraries\decorations\pgflibrarydecorations.pat
hreplacing.code.tex"))
\pgfplots@numplots=\count117
\pgfplots@xmin@reg=\dimen159
\pgfplots@xmax@reg=\dimen160
\pgfplots@ymin@reg=\dimen161
\pgfplots@ymax@reg=\dimen162
\pgfplots@zmin@reg=\dimen163
\pgfplots@zmax@reg=\dimen164
)
("C:\MiKTeX 2.9\tex\generic\pgf\frontendlayer\tikz\libraries\tikzlibraryplotmar
ks.code.tex"
File: tikzlibraryplotmarks.code.tex 2008/01/09 v3.0.1a (rcs-revision 1.1)

("C:\MiKTeX 2.9\tex\generic\pgf\libraries\pgflibraryplotmarks.code.tex"
File: pgflibraryplotmarks.code.tex 2015/08/03 v3.0.1a (rcs-revision 1.14)
)))
("C:\MiKTeX 2.9\tex\latex\psnfss\mathpazo.sty"
Package: mathpazo 2005/04/12 PSNFSS-v9.2a Palatino w/ Pazo Math (D.Puga, WaS) 
\symupright=\mathgroup4
)
("C:\MiKTeX 2.9\tex\latex\siunitx\siunitx.sty"
("C:\MiKTeX 2.9\tex\latex\l3kernel\expl3.sty"
Package: expl3 2017/01/28 v6834 L3 programming layer (loader) 

("C:\MiKTeX 2.9\tex\latex\l3kernel\expl3-code.tex"
Package: expl3 2017/01/28 v6834 L3 programming layer (code)
L3 Module: l3bootstrap 2016/12/28 v6805 L3 Bootstrap code
L3 Module: l3names 2016/12/28 v6805 L3 Namespace for primitives
L3 Module: l3basics 2016/12/28 v6805 L3 Basic definitions
L3 Module: l3expan 2016/12/28 v6805 L3 Argument expansion
L3 Module: l3tl 2016/12/28 v6805 L3 Token lists
L3 Module: l3str 2017/01/01 v6809 L3 Strings
L3 Module: l3seq 2016/12/28 v6805 L3 Sequences and stacks
L3 Module: l3int 2016/12/28 v6805 L3 Integers
\c_max_int=\count118
\l_tmpa_int=\count119
\l_tmpb_int=\count120
\g_tmpa_int=\count121
\g_tmpb_int=\count122
L3 Module: l3quark 2016/12/28 v6805 L3 Quarks
L3 Module: l3prg 2017/01/01 v6811 L3 Control structures
\g__prg_map_int=\count123
L3 Module: l3clist 2016/12/28 v6805 L3 Comma separated lists
L3 Module: l3token 2016/12/28 v6805 L3 Experimental token manipulation
L3 Module: l3prop 2016/12/28 v6805 L3 Property lists
L3 Module: l3msg 2016/12/28 v6805 L3 Messages
L3 Module: l3file 2016/12/28 v6805 L3 File and I/O operations
\l_iow_line_count_int=\count124
\l__iow_target_count_int=\count125
\l__iow_current_line_int=\count126
\l__iow_current_word_int=\count127
\l__iow_current_indentation_int=\count128
L3 Module: l3skip 2017/01/01 v6809 L3 Dimensions and skips
\c_zero_dim=\dimen165
\c_max_dim=\dimen166
\l_tmpa_dim=\dimen167
\l_tmpb_dim=\dimen168
\g_tmpa_dim=\dimen169
\g_tmpb_dim=\dimen170
\c_zero_skip=\skip43
\c_max_skip=\skip44
\l_tmpa_skip=\skip45
\l_tmpb_skip=\skip46
\g_tmpa_skip=\skip47
\g_tmpb_skip=\skip48
\c_zero_muskip=\muskip10
\c_max_muskip=\muskip11
\l_tmpa_muskip=\muskip12
\l_tmpb_muskip=\muskip13
\g_tmpa_muskip=\muskip14
\g_tmpb_muskip=\muskip15
L3 Module: l3keys 2017/01/01 v6811 L3 Key-value interfaces
\l_keys_choice_int=\count129
L3 Module: l3fp 2016/12/28 v6805 L3 Floating points
\c__fp_leading_shift_int=\count130
\c__fp_middle_shift_int=\count131
\c__fp_trailing_shift_int=\count132
\c__fp_big_leading_shift_int=\count133
\c__fp_big_middle_shift_int=\count134
\c__fp_big_trailing_shift_int=\count135
\c__fp_Bigg_leading_shift_int=\count136
\c__fp_Bigg_middle_shift_int=\count137
\c__fp_Bigg_trailing_shift_int=\count138
\c__fp_rand_size_int=\count139
\c__fp_rand_four_int=\count140
\c__fp_rand_eight_int=\count141
L3 Module: l3box 2016/12/28 v6805 L3 Experimental boxes
\c_empty_box=\box39
\l_tmpa_box=\box40
\l_tmpb_box=\box41
\g_tmpa_box=\box42
\g_tmpb_box=\box43
L3 Module: l3coffins 2016/12/28 v6805 L3 Coffin code layer
\l__coffin_internal_box=\box44
\l__coffin_internal_dim=\dimen171
\l__coffin_offset_x_dim=\dimen172
\l__coffin_offset_y_dim=\dimen173
\l__coffin_x_dim=\dimen174
\l__coffin_y_dim=\dimen175
\l__coffin_x_prime_dim=\dimen176
\l__coffin_y_prime_dim=\dimen177
\c_empty_coffin=\box45
\l__coffin_aligned_coffin=\box46
\l__coffin_aligned_internal_coffin=\box47
\l_tmpa_coffin=\box48
\l_tmpb_coffin=\box49
\l__coffin_display_coffin=\box50
\l__coffin_display_coord_coffin=\box51
\l__coffin_display_pole_coffin=\box52
\l__coffin_display_offset_dim=\dimen178
\l__coffin_display_x_dim=\dimen179
\l__coffin_display_y_dim=\dimen180
L3 Module: l3color 2016/12/28 v6805 L3 Experimental color support
L3 Module: l3sys 2017/01/01 v6811 L3 Experimental system/runtime functions
L3 Module: l3candidates 2017/01/01 v6809 L3 Experimental additions to l3kernel
\l__box_top_dim=\dimen181
\l__box_bottom_dim=\dimen182
\l__box_left_dim=\dimen183
\l__box_right_dim=\dimen184
\l__box_top_new_dim=\dimen185
\l__box_bottom_new_dim=\dimen186
\l__box_left_new_dim=\dimen187
\l__box_right_new_dim=\dimen188
\l__box_internal_box=\box53
\l__coffin_bounding_shift_dim=\dimen189
\l__coffin_left_corner_dim=\dimen190
\l__coffin_right_corner_dim=\dimen191
\l__coffin_bottom_corner_dim=\dimen192
\l__coffin_top_corner_dim=\dimen193
\l__coffin_scaled_total_height_dim=\dimen194
\l__coffin_scaled_width_dim=\dimen195
L3 Module: l3luatex 2016/12/28 v6805 L3 Experimental LuaTeX-specific functions
)
("C:\MiKTeX 2.9\tex\latex\l3kernel\l3pdfmode.def"
File: l3pdfmode.def 2016/12/28 v6805 L3 Experimental driver: PDF mode
\l__driver_color_stack_int=\count142
\l__driver_tmp_box=\box54
))
("C:\MiKTeX 2.9\tex\latex\l3packages\xparse\xparse.sty"
Package: xparse 2017/01/28 v6834 L3 Experimental document command parser
\l__xparse_current_arg_int=\count143
\l__xparse_m_args_int=\count144
\l__xparse_mandatory_args_int=\count145
\l__xparse_processor_int=\count146
\l__xparse_v_nesting_int=\count147
)
Package: siunitx 2017/02/01 v2.7c A comprehensive (SI) units package

("C:\MiKTeX 2.9\tex\latex\amsmath\amstext.sty"
Package: amstext 2000/06/29 v2.01 AMS text

("C:\MiKTeX 2.9\tex\latex\amsmath\amsgen.sty"
File: amsgen.sty 1999/11/30 v2.0 generic functions
\@emptytoks=\toks32
\ex@=\dimen196
))
("C:\MiKTeX 2.9\tex\latex\tools\array.sty"
Package: array 2014/10/28 v2.4c Tabular extension package (FMi)
\col@sep=\dimen197
\extrarowheight=\dimen198
\NC@list=\toks33
\extratabsurround=\skip49
\backup@length=\skip50
)
("C:\MiKTeX 2.9\tex\latex\l3packages\l3keys2e\l3keys2e.sty"
Package: l3keys2e 2017/01/28 v6834 LaTeX2e option processing using LaTeX3 keys
)
\l__siunitx_tmp_box=\box55
\l__siunitx_tmp_dim=\dimen199
\l__siunitx_tmp_int=\count148
\l__siunitx_number_mantissa_length_int=\count149
\l__siunitx_number_uncert_length_int=\count150
\l__siunitx_round_int=\count151
\l__siunitx_process_decimal_int=\count152
\l__siunitx_process_uncertainty_int=\count153
\l__siunitx_process_fixed_int=\count154
\l__siunitx_process_integer_min_int=\count155
\l__siunitx_process_precision_int=\count156
\l__siunitx_group_min_int=\count157
\l__siunitx_angle_marker_box=\box56
\l__siunitx_angle_unit_box=\box57
\l__siunitx_angle_marker_dim=\dimen256
\l__siunitx_angle_unit_dim=\dimen257
\l__siunitx_unit_int=\count158
\l__siunitx_unit_denominator_int=\count159
\l__siunitx_unit_numerator_int=\count160
\l__siunitx_unit_prefix_int=\count161
\l__siunitx_unit_prefix_base_int=\count162
\l__siunitx_unit_prefix_gram_int=\count163
\l__siunitx_number_product_int=\count164
\c__siunitx_one_fill_skip=\skip51
\l__siunitx_table_unit_align_skip=\skip52
\l__siunitx_table_exponent_dim=\dimen258
\l__siunitx_table_integer_dim=\dimen259
\l__siunitx_table_mantissa_dim=\dimen260
\l__siunitx_table_marker_dim=\dimen261
\l__siunitx_table_result_dim=\dimen262
\l__siunitx_table_uncert_dim=\dimen263
\l__siunitx_table_fill_pre_dim=\dimen264
\l__siunitx_table_fill_post_dim=\dimen265
\l__siunitx_table_fill_mid_dim=\dimen266
\l__siunitx_table_pre_box=\box58
\l__siunitx_table_post_box=\box59
\l__siunitx_table_mantissa_box=\box60
\l__siunitx_table_result_box=\box61
\l__siunitx_table_number_align_skip=\skip53
\l__siunitx_table_text_align_skip=\skip54
.................................................
. LaTeX info: "xparse/define-command"
. 
. Defining command \DeclareBinaryPrefix with sig. 'mmm' on line 7247.
.................................................
.................................................
. LaTeX info: "xparse/define-command"
. 
. Defining command \DeclareSIPostPower with sig. 'mm' on line 7250.
.................................................
.................................................
. LaTeX info: "xparse/define-command"
. 
. Defining command \DeclareSIPrefix with sig. 'mmm' on line 7253.
.................................................
.................................................
. LaTeX info: "xparse/define-command"
. 
. Defining command \DeclareSIPrePower with sig. 'mm' on line 7256.
.................................................
.................................................
. LaTeX info: "xparse/define-command"
. 
. Defining command \DeclareSIQualifier with sig. 'mm' on line 7259.
.................................................
.................................................
. LaTeX info: "xparse/define-command"
. 
. Defining command \DeclareSIUnit with sig. 'O{}mm' on line 7262.
.................................................
.................................................
. LaTeX info: "xparse/define-command"
. 
. Defining command \DeclareSIUnitWithOptions with sig. 'mmm' on line 7265.
.................................................
.................................................
. LaTeX info: "xparse/define-command"
. 
. Defining command \ang with sig. 'o>{\SplitArgument {2}{;}}m' on line 7280.
.................................................
.................................................
. LaTeX info: "xparse/define-command"
. 
. Defining command \num with sig. 'om' on line 7289.
.................................................
.................................................
. LaTeX info: "xparse/define-command"
. 
. Defining command \numlist with sig. 'o>{\SplitList {;}}m' on line 7298.
.................................................
.................................................
. LaTeX info: "xparse/define-command"
. 
. Defining command \numrange with sig. 'omm' on line 7307.
.................................................
.................................................
. LaTeX info: "xparse/define-command"
. 
. Defining command \SIlist with sig. 'o>{\SplitList {;}}mm' on line 7319.
.................................................
.................................................
. LaTeX info: "xparse/define-command"
. 
. Defining command \SIrange with sig. 'ommm' on line 7331.
.................................................
.................................................
. LaTeX info: "xparse/define-command"
. 
. Defining command \SI with sig. 'omom' on line 7343.
.................................................
.................................................
. LaTeX info: "xparse/define-command"
. 
. Defining command \sisetup with sig. 'm' on line 7346.
.................................................
.................................................
. LaTeX info: "xparse/define-command"
. 
. Defining command \tablenum with sig. 'om' on line 7361.
.................................................
.................................................
. LaTeX info: "xparse/define-command"
. 
. Defining command \si with sig. 'om' on line 7373.
.................................................
.................................................
. LaTeX info: "xparse/define-command"
. 
. Defining command \__siunitx_bookmark_num:w with sig. 'om' on line 7420.
.................................................
.................................................
. LaTeX info: "xparse/define-command"
. 
. Defining command \__siunitx_bookmark_numrange:w with sig. 'omm' on line
. 7422.
.................................................
.................................................
. LaTeX info: "xparse/define-command"
. 
. Defining command \__siunitx_bookmark_SI:w with sig. 'omom' on line 7424.
.................................................
.................................................
. LaTeX info: "xparse/define-command"
. 
. Defining command \__siunitx_bookmark_SIlist:w with sig. 'omm' on line 7426.
.................................................
.................................................
. LaTeX info: "xparse/define-command"
. 
. Defining command \__siunitx_bookmark_SIrange:w with sig. 'ommm' on line
. 7428.
.................................................
.................................................
. LaTeX info: "xparse/define-command"
. 
. Defining command \__siunitx_bookmark_si:w with sig. 'om' on line 7429.
.................................................
\g__file_internal_ior=\read2

("C:\MiKTeX 2.9\tex\latex\beamer\translator\translator.sty"
Package: translator 2010/06/12 ver 1.10

("C:\MiKTeX 2.9\tex\latex\beamer\translator\translator-language-mappings.tex"))
)
("C:\MiKTeX 2.9\tex\generic\pgfplots\libs\tikzlibrarypgfplots.dateplot.code.tex
" ("C:\MiKTeX 2.9\tex\latex\pgf\utilities\pgfcalendar.sty"
("C:\MiKTeX 2.9\tex\generic\pgf\utilities\pgfcalendar.code.tex"
File: pgfcalendar.code.tex 2007/07/23 v3.0.1a (rcs-revision 1.11)
\pgfcalendarcurrentjulian=\count165
)))
("C:\MiKTeX 2.9\tex\latex\filecontents\filecontents.sty"
Package: filecontents 2011/10/08 v1.3 Create an external file from within a LaT
eX document
) (colors.tex)
No file signal_analysis_figures.aux.
\openout1 = `signal_analysis_figures.aux'.

LaTeX Font Info:    Checking defaults for OML/cmm/m/it on input line 15.
LaTeX Font Info:    ... okay on input line 15.
LaTeX Font Info:    Checking defaults for T1/cmr/m/n on input line 15.
LaTeX Font Info:    ... okay on input line 15.
LaTeX Font Info:    Checking defaults for OT1/cmr/m/n on input line 15.
LaTeX Font Info:    ... okay on input line 15.
LaTeX Font Info:    Checking defaults for OMS/cmsy/m/n on input line 15.
LaTeX Font Info:    ... okay on input line 15.
LaTeX Font Info:    Checking defaults for OMX/cmex/m/n on input line 15.
LaTeX Font Info:    ... okay on input line 15.
LaTeX Font Info:    Checking defaults for U/cmr/m/n on input line 15.
LaTeX Font Info:    ... okay on input line 15.
LaTeX Font Info:    Try loading font information for OT1+ppl on input line 15.
("C:\MiKTeX 2.9\tex\latex\psnfss\ot1ppl.fd"
File: ot1ppl.fd 2001/06/04 font definitions for OT1/ppl.
)
ABD: EveryShipout initializing macros
("C:\MiKTeX 2.9\tex\context\base\supp-pdf.mkii"
[Loading MPS to PDF converter (version 2006.09.02).]
\scratchcounter=\count166
\scratchdimen=\dimen267
\scratchbox=\box62
\nofMPsegments=\count167
\nofMParguments=\count168
\everyMPshowfont=\toks34
\MPscratchCnt=\count169
\MPscratchDim=\dimen268
\MPnumerator=\count170
\makeMPintoPDFobject=\count171
\everyMPtoPDFconversion=\toks35
) ("C:\MiKTeX 2.9\tex\generic\oberdiek\pdftexcmds.sty"
Package: pdftexcmds 2016/05/21 v0.22 Utility functions of pdfTeX for LuaTeX (HO
)
Package pdftexcmds Info: LuaTeX not detected.
Package pdftexcmds Info: \pdf@primitive is available.
Package pdftexcmds Info: \pdf@ifprimitive is available.
Package pdftexcmds Info: \pdfdraftmode found.
)
("C:\MiKTeX 2.9\tex\latex\oberdiek\epstopdf-base.sty"
Package: epstopdf-base 2016/05/15 v2.6 Base part for package epstopdf

("C:\MiKTeX 2.9\tex\latex\oberdiek\grfext.sty"
Package: grfext 2016/05/16 v1.2 Manage graphics extensions (HO)

("C:\MiKTeX 2.9\tex\generic\oberdiek\kvdefinekeys.sty"
Package: kvdefinekeys 2016/05/16 v1.4 Define keys (HO)
))
("C:\MiKTeX 2.9\tex\latex\oberdiek\kvoptions.sty"
Package: kvoptions 2016/05/16 v3.12 Key value format for package options (HO)

("C:\MiKTeX 2.9\tex\generic\oberdiek\kvsetkeys.sty"
Package: kvsetkeys 2016/05/16 v1.17 Key value parser (HO)

("C:\MiKTeX 2.9\tex\generic\oberdiek\etexcmds.sty"
Package: etexcmds 2016/05/16 v1.6 Avoid name clashes with e-TeX commands (HO)
Package etexcmds Info: Could not find \expanded.
(etexcmds)             That can mean that you are not using pdfTeX 1.50 or
(etexcmds)             that some package has redefined \expanded.
(etexcmds)             In the latter case, load this package earlier.
)))
Package epstopdf-base Info: Redefining graphics rule for `.eps' on input line 4
38.
Package grfext Info: Graphics extension search list:
(grfext)             [.png,.pdf,.jpg,.mps,.jpeg,.jbig2,.jb2,.PNG,.PDF,.JPG,.JPE
G,.JBIG2,.JB2,.eps]
(grfext)             \AppendGraphicsExtensions on input line 456.
)
Package pgfplots notification 'compat/show suggested version=true': document ha
s been generated with the most recent feature set (\pgfplotsset{compat=1.14}).

\big@size=\dimen269

("C:\MiKTeX 2.9\tex\latex\beamer\translator\dicts\translator-basic-dictionary\t
ranslator-basic-dictionary-English.dict"
Dictionary: translator-basic-dictionary, Language: English 
)
("C:\MiKTeX 2.9\tex\latex\beamer\translator\dicts\translator-months-dictionary\
translator-months-dictionary-English.dict"
Dictionary: translator-months-dictionary, Language: English 
)
("C:\MiKTeX 2.9\tex\latex\siunitx\siunitx-abbreviations.cfg"
File: siunitx-abbreviations.cfg 2017/02/01 v2.7c siunitx: Abbreviated units
)
\c__siunitx_mathsf_int=\count172
LaTeX Font Info:    Try loading font information for OML+zplm on input line 15.


("C:\MiKTeX 2.9\tex\latex\psnfss\omlzplm.fd"
File: omlzplm.fd 2002/09/08 Fontinst v1.914 font definitions for OML/zplm.
)
LaTeX Font Info:    Try loading font information for OMS+zplm on input line 15.


("C:\MiKTeX 2.9\tex\latex\psnfss\omszplm.fd"
File: omszplm.fd 2002/09/08 Fontinst v1.914 font definitions for OMS/zplm.
)
LaTeX Font Info:    Try loading font information for OMX+zplm on input line 15.


("C:\MiKTeX 2.9\tex\latex\psnfss\omxzplm.fd"
File: omxzplm.fd 2002/09/08 Fontinst v1.914 font definitions for OMX/zplm.
)
LaTeX Font Info:    Try loading font information for OT1+zplm on input line 15.


("C:\MiKTeX 2.9\tex\latex\psnfss\ot1zplm.fd"
File: ot1zplm.fd 2002/09/08 Fontinst v1.914 font definitions for OT1/zplm.
)
\c__siunitx_mathtt_int=\count173
Package pgfplots info on input line 30: Using 'lua backend=false' for axis: ymo
de=log unsupported (yet).
PGFPlots: reading {data/signal_analysis/f_Err_3DFT_MSD.dat}


Package pgfplots Warning: Some input argument (domain restriction) explicitly r
elies on the log basis of y (which is e). Please verify that this is intended a
nd set 'log basis y=10' otherwise. This warning will be shown only once per doc
ument. on input line 31.

 [warning /pgfplots/warning/log basis required]
PGFPlots: reading {data/signal_analysis/f_Err_3DFT_MSD.dat}
PGFPlots: reading {data/signal_analysis/f_Err_3DFT_MSD.dat}
PGFPlots: reading {data/signal_analysis/f_Err_3DFT_MSD.dat}
PGFPlots: reading {data/signal_analysis/f_Err_3DFT_MSD.dat}
PGFPlots: reading {data/signal_analysis/f_Err_3DFT_MSD.dat}
PGFPlots: reading {data/signal_analysis/f_Err_3DFT_MSD.dat}
PGFPlots: reading {data/signal_analysis/f_Err_3DFT_MSD.dat}
[1

{C:/ProgramData/MiKTeX/2.9/pdftex/config/pdftex.map}]
Package pgfplots info on input line 59: Using 'lua backend=false' for axis: ymo
de=log unsupported (yet).
PGFPlots: reading {data/signal_analysis/f_Err_5DFT_MSD.dat}
PGFPlots: reading {data/signal_analysis/f_Err_5DFT_MSD.dat}
PGFPlots: reading {data/signal_analysis/f_Err_5DFT_MSD.dat}
PGFPlots: reading {data/signal_analysis/f_Err_5DFT_MSD.dat}
PGFPlots: reading {data/signal_analysis/f_Err_5DFT_MSD.dat}
PGFPlots: reading {data/signal_analysis/f_Err_5DFT_MSD.dat}
PGFPlots: reading {data/signal_analysis/f_Err_5DFT_MSD.dat}
 [2

]
Package pgfplots info on input line 87: Using 'lua backend=false' for axis: ymo
de=log unsupported (yet).
PGFPlots: reading {data/signal_analysis/f_MinErr_3DFT_MSD.dat}
PGFPlots: reading {data/signal_analysis/f_MinErr_5DFT_MSD.dat}
 [3

]
PGFPlots: reading {data/signal_analysis/f_MinErr_3DFT_MSD.dat}
PGFPlots: reading {data/signal_analysis/f_MinErr_5DFT_MSD.dat}
 [4

]
Package pgfplots info on input line 135: Using 'lua backend=false' for axis: ym
ode=log unsupported (yet).
PGFPlots: reading {data/signal_analysis/A_Err_3DFT_MSD.dat}
PGFPlots: reading {data/signal_analysis/A_Err_3DFT_MSD.dat}
PGFPlots: reading {data/signal_analysis/A_Err_3DFT_MSD.dat}
PGFPlots: reading {data/signal_analysis/A_Err_3DFT_MSD.dat}
PGFPlots: reading {data/signal_analysis/A_Err_3DFT_MSD.dat}
PGFPlots: reading {data/signal_analysis/A_Err_3DFT_MSD.dat}
PGFPlots: reading {data/signal_analysis/A_Err_3DFT_MSD.dat}
PGFPlots: reading {data/signal_analysis/A_Err_3DFT_MSD.dat}
 [5

]
Package pgfplots info on input line 164: Using 'lua backend=false' for axis: ym
ode=log unsupported (yet).
PGFPlots: reading {data/signal_analysis/A_Err_3DFT_MSD_dErr0.dat}
PGFPlots: reading {data/signal_analysis/A_Err_3DFT_MSD_dErr0.dat}
PGFPlots: reading {data/signal_analysis/A_Err_3DFT_MSD_dErr0.dat}
PGFPlots: reading {data/signal_analysis/A_Err_3DFT_MSD_dErr0.dat}
PGFPlots: reading {data/signal_analysis/A_Err_3DFT_MSD_dErr0.dat}
PGFPlots: reading {data/signal_analysis/A_Err_3DFT_MSD_dErr0.dat}
PGFPlots: reading {data/signal_analysis/A_Err_3DFT_MSD_dErr0.dat}
PGFPlots: reading {data/signal_analysis/A_Err_3DFT_MSD_dErr0.dat}

[6

]
Package pgfplots info on input line 193: Using 'lua backend=false' for axis: ym
ode=log unsupported (yet).
PGFPlots: reading {data/signal_analysis/A_Err_5DFT_MSD.dat}
PGFPlots: reading {data/signal_analysis/A_Err_5DFT_MSD.dat}
PGFPlots: reading {data/signal_analysis/A_Err_5DFT_MSD.dat}
PGFPlots: reading {data/signal_analysis/A_Err_5DFT_MSD.dat}
PGFPlots: reading {data/signal_analysis/A_Err_5DFT_MSD.dat}
PGFPlots: reading {data/signal_analysis/A_Err_5DFT_MSD.dat}
PGFPlots: reading {data/signal_analysis/A_Err_5DFT_MSD.dat}
 [7

]
Package pgfplots info on input line 221: Using 'lua backend=false' for axis: ym
ode=log unsupported (yet).
PGFPlots: reading {data/signal_analysis/A_Err_5DFT_MSD_dErr0.dat}
PGFPlots: reading {data/signal_analysis/A_Err_5DFT_MSD_dErr0.dat}
PGFPlots: reading {data/signal_analysis/A_Err_5DFT_MSD_dErr0.dat}
PGFPlots: reading {data/signal_analysis/A_Err_5DFT_MSD_dErr0.dat}
PGFPlots: reading {data/signal_analysis/A_Err_5DFT_MSD_dErr0.dat}
PGFPlots: reading {data/signal_analysis/A_Err_5DFT_MSD_dErr0.dat}
PGFPlots: reading {data/signal_analysis/A_Err_5DFT_MSD_dErr0.dat}
PGFPlots: reading {data/signal_analysis/A_Err_5DFT_MSD_dErr0.dat}
 [8

]
Package pgfplots info on input line 250: Using 'lua backend=false' for axis: ym
ode=log unsupported (yet).
PGFPlots: reading {data/signal_analysis/A_MinErr_3DFT_MSD.dat}
PGFPlots: reading {data/signal_analysis/A_MinErr_5DFT_MSD.dat}
 [9

]
PGFPlots: reading {data/signal_analysis/A_MinErr_3DFT_MSD.dat}
PGFPlots: reading {data/signal_analysis/A_MinErr_5DFT_MSD.dat}
 [10

]
Package pgfplots info on input line 298: Using 'lua backend=false' for axis: ym
ode=log unsupported (yet).
PGFPlots: reading {data/signal_analysis/A_MinErr_3DFT_MSD_dErr0.dat}
PGFPlots: reading {data/signal_analysis/A_MinErr_5DFT_MSD_dErr0.dat}
 [11

]
PGFPlots: reading {data/signal_analysis/A_MinErr_3DFT_MSD_dErr0.dat}
PGFPlots: reading {data/signal_analysis/A_MinErr_5DFT_MSD_dErr0.dat}
 [12

]
Package pgfplots info on input line 345: Using 'lua backend=false' for axis: ym
ode=log unsupported (yet).
PGFPlots: reading {data/signal_analysis/Phi_Err_1DFT_MSD.dat}
PGFPlots: reading {data/signal_analysis/Phi_Err_1DFT_MSD.dat}
PGFPlots: reading {data/signal_analysis/Phi_Err_1DFT_MSD.dat}
PGFPlots: reading {data/signal_analysis/Phi_Err_1DFT_MSD.dat}
PGFPlots: reading {data/signal_analysis/Phi_Err_1DFT_MSD.dat}
PGFPlots: reading {data/signal_analysis/Phi_Err_1DFT_MSD.dat}
PGFPlots: reading {data/signal_analysis/Phi_Err_1DFT_MSD.dat}
PGFPlots: reading {data/signal_analysis/Phi_Err_1DFT_MSD.dat}
 [13

]
Package pgfplots info on input line 373: Using 'lua backend=false' for axis: ym
ode=log unsupported (yet).
PGFPlots: reading {data/signal_analysis/Phi_Err_1DFT_MSD_dErr0.dat}
PGFPlots: reading {data/signal_analysis/Phi_Err_1DFT_MSD_dErr0.dat}
PGFPlots: reading {data/signal_analysis/Phi_Err_1DFT_MSD_dErr0.dat}
PGFPlots: reading {data/signal_analysis/Phi_Err_1DFT_MSD_dErr0.dat}
PGFPlots: reading {data/signal_analysis/Phi_Err_1DFT_MSD_dErr0.dat}
PGFPlots: reading {data/signal_analysis/Phi_Err_1DFT_MSD_dErr0.dat}
PGFPlots: reading {data/signal_analysis/Phi_Err_1DFT_MSD_dErr0.dat}
PGFPlots: reading {data/signal_analysis/Phi_Err_1DFT_MSD_dErr0.dat}
 [14

]
Package pgfplots info on input line 401: Using 'lua backend=false' for axis: ym
ode=log unsupported (yet).
PGFPlots: reading {data/signal_analysis/Phi_Err_2DFT_MSD.dat}
PGFPlots: reading {data/signal_analysis/Phi_Err_2DFT_MSD.dat}
PGFPlots: reading {data/signal_analysis/Phi_Err_2DFT_MSD.dat}
PGFPlots: reading {data/signal_analysis/Phi_Err_2DFT_MSD.dat}
PGFPlots: reading {data/signal_analysis/Phi_Err_2DFT_MSD.dat}
PGFPlots: reading {data/signal_analysis/Phi_Err_2DFT_MSD.dat}
PGFPlots: reading {data/signal_analysis/Phi_Err_2DFT_MSD.dat}
PGFPlots: reading {data/signal_analysis/Phi_Err_2DFT_MSD.dat}
 [15

]
Package pgfplots info on input line 429: Using 'lua backend=false' for axis: ym
ode=log unsupported (yet).
PGFPlots: reading {data/signal_analysis/Phi_Err_2DFT_MSD_dErr0.dat}
PGFPlots: reading {data/signal_analysis/Phi_Err_2DFT_MSD_dErr0.dat}
PGFPlots: reading {data/signal_analysis/Phi_Err_2DFT_MSD_dErr0.dat}
PGFPlots: reading {data/signal_analysis/Phi_Err_2DFT_MSD_dErr0.dat}
PGFPlots: reading {data/signal_analysis/Phi_Err_2DFT_MSD_dErr0.dat}
PGFPlots: reading {data/signal_analysis/Phi_Err_2DFT_MSD_dErr0.dat}
PGFPlots: reading {data/signal_analysis/Phi_Err_2DFT_MSD_dErr0.dat}
PGFPlots: reading {data/signal_analysis/Phi_Err_2DFT_MSD_dErr0.dat}
 [16

]
Package pgfplots info on input line 457: Using 'lua backend=false' for axis: ym
ode=log unsupported (yet).
PGFPlots: reading {data/signal_analysis/Phi_Err_3DFT_MSD.dat}
PGFPlots: reading {data/signal_analysis/Phi_Err_3DFT_MSD.dat}
PGFPlots: reading {data/signal_analysis/Phi_Err_3DFT_MSD.dat}
PGFPlots: reading {data/signal_analysis/Phi_Err_3DFT_MSD.dat}
PGFPlots: reading {data/signal_analysis/Phi_Err_3DFT_MSD.dat}
PGFPlots: reading {data/signal_analysis/Phi_Err_3DFT_MSD.dat}
PGFPlots: reading {data/signal_analysis/Phi_Err_3DFT_MSD.dat}
PGFPlots: reading {data/signal_analysis/Phi_Err_3DFT_MSD.dat}
 [17

]
Package pgfplots info on input line 485: Using 'lua backend=false' for axis: ym
ode=log unsupported (yet).
PGFPlots: reading {data/signal_analysis/Phi_Err_3DFT_MSD_dErr0.dat}
PGFPlots: reading {data/signal_analysis/Phi_Err_3DFT_MSD_dErr0.dat}
PGFPlots: reading {data/signal_analysis/Phi_Err_3DFT_MSD_dErr0.dat}
PGFPlots: reading {data/signal_analysis/Phi_Err_3DFT_MSD_dErr0.dat}
PGFPlots: reading {data/signal_analysis/Phi_Err_3DFT_MSD_dErr0.dat}
PGFPlots: reading {data/signal_analysis/Phi_Err_3DFT_MSD_dErr0.dat}
PGFPlots: reading {data/signal_analysis/Phi_Err_3DFT_MSD_dErr0.dat}
PGFPlots: reading {data/signal_analysis/Phi_Err_3DFT_MSD_dErr0.dat}
 [18

]
Package pgfplots info on input line 513: Using 'lua backend=false' for axis: ym
ode=log unsupported (yet).
PGFPlots: reading {data/signal_analysis/Phi_MinErr_1DFT_MSD.dat}
PGFPlots: reading {data/signal_analysis/Phi_MinErr_2DFT_MSD.dat}
PGFPlots: reading {data/signal_analysis/Phi_MinErr_3DFT_MSD.dat}
 [19

]
PGFPlots: reading {data/signal_analysis/Phi_MinErr_1DFT_MSD.dat}
PGFPlots: reading {data/signal_analysis/Phi_MinErr_2DFT_MSD.dat}
PGFPlots: reading {data/signal_analysis/Phi_MinErr_3DFT_MSD.dat}
 [20

]
Package pgfplots info on input line 566: Using 'lua backend=false' for axis: ym
ode=log unsupported (yet).
PGFPlots: reading {data/signal_analysis/Phi_MinErr_1DFT_MSD_dErr0.dat}
PGFPlots: reading {data/signal_analysis/Phi_MinErr_2DFT_MSD_dErr0.dat}
PGFPlots: reading {data/signal_analysis/Phi_MinErr_3DFT_MSD_dErr0.dat}
 [21


]
PGFPlots: reading {data/signal_analysis/Phi_MinErr_1DFT_MSD_dErr0.dat}
PGFPlots: reading {data/signal_analysis/Phi_MinErr_2DFT_MSD_dErr0.dat}
PGFPlots: reading {data/signal_analysis/Phi_MinErr_3DFT_MSD_dErr0.dat}

[22

]
Package pgfplots info on input line 623: Using 'lua backend=false' for axis: ym
ode=log unsupported (yet).
PGFPlots: reading {data/signal_analysis/f_Err_3DFT_MSL.dat}
PGFPlots: reading {data/signal_analysis/f_Err_3DFT_MSL.dat}
PGFPlots: reading {data/signal_analysis/f_Err_3DFT_MSL.dat}
PGFPlots: reading {data/signal_analysis/f_Err_3DFT_MSL.dat}
PGFPlots: reading {data/signal_analysis/f_Err_3DFT_MSL.dat}
PGFPlots: reading {data/signal_analysis/f_Err_3DFT_MSL.dat}
PGFPlots: reading {data/signal_analysis/f_Err_3DFT_MSL.dat}
PGFPlots: reading {data/signal_analysis/f_Err_3DFT_MSL.dat}
 [23

]
Package pgfplots info on input line 652: Using 'lua backend=false' for axis: ym
ode=log unsupported (yet).
PGFPlots: reading {data/signal_analysis/f_Err_5DFT_MSL.dat}
PGFPlots: reading {data/signal_analysis/f_Err_5DFT_MSL.dat}
PGFPlots: reading {data/signal_analysis/f_Err_5DFT_MSL.dat}
PGFPlots: reading {data/signal_analysis/f_Err_5DFT_MSL.dat}
PGFPlots: reading {data/signal_analysis/f_Err_5DFT_MSL.dat}
PGFPlots: reading {data/signal_analysis/f_Err_5DFT_MSL.dat}
PGFPlots: reading {data/signal_analysis/f_Err_5DFT_MSL.dat}
 [24

]
Package pgfplots info on input line 680: Using 'lua backend=false' for axis: ym
ode=log unsupported (yet).
PGFPlots: reading {data/signal_analysis/f_MinErr_3DFT_MSL.dat}
PGFPlots: reading {data/signal_analysis/f_MinErr_5DFT_MSL.dat}
 [25

]
PGFPlots: reading {data/signal_analysis/f_MinErr_3DFT_MSL.dat}
PGFPlots: reading {data/signal_analysis/f_MinErr_5DFT_MSL.dat}
 [26

]
Package pgfplots info on input line 728: Using 'lua backend=false' for axis: ym
ode=log unsupported (yet).
PGFPlots: reading {data/signal_analysis/A_Err_3DFT_MSL.dat}
PGFPlots: reading {data/signal_analysis/A_Err_3DFT_MSL.dat}
PGFPlots: reading {data/signal_analysis/A_Err_3DFT_MSL.dat}
PGFPlots: reading {data/signal_analysis/A_Err_3DFT_MSL.dat}
PGFPlots: reading {data/signal_analysis/A_Err_3DFT_MSL.dat}
PGFPlots: reading {data/signal_analysis/A_Err_3DFT_MSL.dat}
PGFPlots: reading {data/signal_analysis/A_Err_3DFT_MSL.dat}
PGFPlots: reading {data/signal_analysis/A_Err_3DFT_MSL.dat}
 [27

]
Package pgfplots info on input line 757: Using 'lua backend=false' for axis: ym
ode=log unsupported (yet).
PGFPlots: reading {data/signal_analysis/A_Err_3DFT_MSL_dErr0.dat}
PGFPlots: reading {data/signal_analysis/A_Err_3DFT_MSL_dErr0.dat}
PGFPlots: reading {data/signal_analysis/A_Err_3DFT_MSL_dErr0.dat}
PGFPlots: reading {data/signal_analysis/A_Err_3DFT_MSL_dErr0.dat}
PGFPlots: reading {data/signal_analysis/A_Err_3DFT_MSL_dErr0.dat}
PGFPlots: reading {data/signal_analysis/A_Err_3DFT_MSL_dErr0.dat}
PGFPlots: reading {data/signal_analysis/A_Err_3DFT_MSL_dErr0.dat}
PGFPlots: reading {data/signal_analysis/A_Err_3DFT_MSL_dErr0.dat}
 [28

]
Package pgfplots info on input line 786: Using 'lua backend=false' for axis: ym
ode=log unsupported (yet).
PGFPlots: reading {data/signal_analysis/A_Err_5DFT_MSL.dat}
PGFPlots: reading {data/signal_analysis/A_Err_5DFT_MSL.dat}
PGFPlots: reading {data/signal_analysis/A_Err_5DFT_MSL.dat}
PGFPlots: reading {data/signal_analysis/A_Err_5DFT_MSL.dat}
PGFPlots: reading {data/signal_analysis/A_Err_5DFT_MSL.dat}
PGFPlots: reading {data/signal_analysis/A_Err_5DFT_MSL.dat}
PGFPlots: reading {data/signal_analysis/A_Err_5DFT_MSL.dat}
 [29

]
Package pgfplots info on input line 814: Using 'lua backend=false' for axis: ym
ode=log unsupported (yet).
PGFPlots: reading {data/signal_analysis/A_Err_5DFT_MSL_dErr0.dat}
PGFPlots: reading {data/signal_analysis/A_Err_5DFT_MSL_dErr0.dat}
PGFPlots: reading {data/signal_analysis/A_Err_5DFT_MSL_dErr0.dat}
PGFPlots: reading {data/signal_analysis/A_Err_5DFT_MSL_dErr0.dat}
PGFPlots: reading {data/signal_analysis/A_Err_5DFT_MSL_dErr0.dat}
PGFPlots: reading {data/signal_analysis/A_Err_5DFT_MSL_dErr0.dat}
PGFPlots: reading {data/signal_analysis/A_Err_5DFT_MSL_dErr0.dat}
PGFPlots: reading {data/signal_analysis/A_Err_5DFT_MSL_dErr0.dat}
 [30

]
Package pgfplots info on input line 843: Using 'lua backend=false' for axis: ym
ode=log unsupported (yet).
PGFPlots: reading {data/signal_analysis/A_MinErr_3DFT_MSL.dat}
PGFPlots: reading {data/signal_analysis/A_MinErr_5DFT_MSL.dat}
 [31

]
PGFPlots: reading {data/signal_analysis/A_MinErr_3DFT_MSL.dat}
PGFPlots: reading {data/signal_analysis/A_MinErr_5DFT_MSL.dat}
 [32

]
Package pgfplots info on input line 891: Using 'lua backend=false' for axis: ym
ode=log unsupported (yet).
PGFPlots: reading {data/signal_analysis/A_MinErr_3DFT_MSL_dErr0.dat}
PGFPlots: reading {data/signal_analysis/A_MinErr_5DFT_MSL_dErr0.dat}
 [33

]
PGFPlots: reading {data/signal_analysis/A_MinErr_3DFT_MSL_dErr0.dat}
PGFPlots: reading {data/signal_analysis/A_MinErr_5DFT_MSL_dErr0.dat}
 [34

]
Package pgfplots info on input line 938: Using 'lua backend=false' for axis: ym
ode=log unsupported (yet).
PGFPlots: reading {data/signal_analysis/Phi_Err_1DFT_MSL.dat}
PGFPlots: reading {data/signal_analysis/Phi_Err_1DFT_MSL.dat}
PGFPlots: reading {data/signal_analysis/Phi_Err_1DFT_MSL.dat}
PGFPlots: reading {data/signal_analysis/Phi_Err_1DFT_MSL.dat}
PGFPlots: reading {data/signal_analysis/Phi_Err_1DFT_MSL.dat}
PGFPlots: reading {data/signal_analysis/Phi_Err_1DFT_MSL.dat}
PGFPlots: reading {data/signal_analysis/Phi_Err_1DFT_MSL.dat}
PGFPlots: reading {data/signal_analysis/Phi_Err_1DFT_MSL.dat}
 [35

]
Package pgfplots info on input line 966: Using 'lua backend=false' for axis: ym
ode=log unsupported (yet).
PGFPlots: reading {data/signal_analysis/Phi_Err_1DFT_MSL_dErr0.dat}
PGFPlots: reading {data/signal_analysis/Phi_Err_1DFT_MSL_dErr0.dat}
PGFPlots: reading {data/signal_analysis/Phi_Err_1DFT_MSL_dErr0.dat}
PGFPlots: reading {data/signal_analysis/Phi_Err_1DFT_MSL_dErr0.dat}
PGFPlots: reading {data/signal_analysis/Phi_Err_1DFT_MSL_dErr0.dat}
PGFPlots: reading {data/signal_analysis/Phi_Err_1DFT_MSL_dErr0.dat}
PGFPlots: reading {data/signal_analysis/Phi_Err_1DFT_MSL_dErr0.dat}
PGFPlots: reading {data/signal_analysis/Phi_Err_1DFT_MSL_dErr0.dat}
 [36

]
Package pgfplots info on input line 994: Using 'lua backend=false' for axis: ym
ode=log unsupported (yet).
PGFPlots: reading {data/signal_analysis/Phi_Err_2DFT_MSL.dat}
PGFPlots: reading {data/signal_analysis/Phi_Err_2DFT_MSL.dat}
PGFPlots: reading {data/signal_analysis/Phi_Err_2DFT_MSL.dat}
PGFPlots: reading {data/signal_analysis/Phi_Err_2DFT_MSL.dat}
PGFPlots: reading {data/signal_analysis/Phi_Err_2DFT_MSL.dat}
PGFPlots: reading {data/signal_analysis/Phi_Err_2DFT_MSL.dat}
PGFPlots: reading {data/signal_analysis/Phi_Err_2DFT_MSL.dat}
PGFPlots: reading {data/signal_analysis/Phi_Err_2DFT_MSL.dat}

[37

]
Package pgfplots info on input line 1022: Using 'lua backend=false' for axis: y
mode=log unsupported (yet).
PGFPlots: reading {data/signal_analysis/Phi_Err_2DFT_MSL_dErr0.dat}
PGFPlots: reading {data/signal_analysis/Phi_Err_2DFT_MSL_dErr0.dat}
PGFPlots: reading {data/signal_analysis/Phi_Err_2DFT_MSL_dErr0.dat}
PGFPlots: reading {data/signal_analysis/Phi_Err_2DFT_MSL_dErr0.dat}
PGFPlots: reading {data/signal_analysis/Phi_Err_2DFT_MSL_dErr0.dat}
PGFPlots: reading {data/signal_analysis/Phi_Err_2DFT_MSL_dErr0.dat}
PGFPlots: reading {data/signal_analysis/Phi_Err_2DFT_MSL_dErr0.dat}
PGFPlots: reading {data/signal_analysis/Phi_Err_2DFT_MSL_dErr0.dat}
 [38

]
Package pgfplots info on input line 1050: Using 'lua backend=false' for axis: y
mode=log unsupported (yet).
PGFPlots: reading {data/signal_analysis/Phi_Err_3DFT_MSL.dat}
PGFPlots: reading {data/signal_analysis/Phi_Err_3DFT_MSL.dat}
PGFPlots: reading {data/signal_analysis/Phi_Err_3DFT_MSL.dat}
PGFPlots: reading {data/signal_analysis/Phi_Err_3DFT_MSL.dat}
PGFPlots: reading {data/signal_analysis/Phi_Err_3DFT_MSL.dat}
PGFPlots: reading {data/signal_analysis/Phi_Err_3DFT_MSL.dat}
PGFPlots: reading {data/signal_analysis/Phi_Err_3DFT_MSL.dat}
PGFPlots: reading {data/signal_analysis/Phi_Err_3DFT_MSL.dat}
 [39

]
Package pgfplots info on input line 1078: Using 'lua backend=false' for axis: y
mode=log unsupported (yet).
PGFPlots: reading {data/signal_analysis/Phi_Err_3DFT_MSL_dErr0.dat}
PGFPlots: reading {data/signal_analysis/Phi_Err_3DFT_MSL_dErr0.dat}
PGFPlots: reading {data/signal_analysis/Phi_Err_3DFT_MSL_dErr0.dat}
PGFPlots: reading {data/signal_analysis/Phi_Err_3DFT_MSL_dErr0.dat}
PGFPlots: reading {data/signal_analysis/Phi_Err_3DFT_MSL_dErr0.dat}
PGFPlots: reading {data/signal_analysis/Phi_Err_3DFT_MSL_dErr0.dat}
PGFPlots: reading {data/signal_analysis/Phi_Err_3DFT_MSL_dErr0.dat}
PGFPlots: reading {data/signal_analysis/Phi_Err_3DFT_MSL_dErr0.dat}
 [40

]
Package pgfplots info on input line 1106: Using 'lua backend=false' for axis: y
mode=log unsupported (yet).
PGFPlots: reading {data/signal_analysis/Phi_MinErr_1DFT_MSL.dat}
PGFPlots: reading {data/signal_analysis/Phi_MinErr_2DFT_MSL.dat}
PGFPlots: reading {data/signal_analysis/Phi_MinErr_3DFT_MSL.dat}
 [41

]
PGFPlots: reading {data/signal_analysis/Phi_MinErr_1DFT_MSL.dat}
PGFPlots: reading {data/signal_analysis/Phi_MinErr_2DFT_MSL.dat}
PGFPlots: reading {data/signal_analysis/Phi_MinErr_3DFT_MSL.dat}
 [42

]
Package pgfplots info on input line 1159: Using 'lua backend=false' for axis: y
mode=log unsupported (yet).
PGFPlots: reading {data/signal_analysis/Phi_MinErr_1DFT_MSL.dat}
PGFPlots: reading {data/signal_analysis/Phi_MinErr_2DFT_MSL.dat}
PGFPlots: reading {data/signal_analysis/Phi_MinErr_3DFT_MSL.dat}
 [43


]
PGFPlots: reading {data/signal_analysis/Phi_MinErr_1DFT_MSL_dErr0.dat}
PGFPlots: reading {data/signal_analysis/Phi_MinErr_2DFT_MSL_dErr0.dat}
PGFPlots: reading {data/signal_analysis/Phi_MinErr_3DFT_MSL_dErr0.dat}
 [44

] (signal_analysis_figures.aux)

LaTeX Font Warning: Size substitutions with differences
(Font)              up to 2.26395pt have occurred.


LaTeX Warning: Label(s) may have changed. Rerun to get cross-references right.

 ) 
Here is how much of TeX's memory you used:
 35143 strings out of 493333
 866081 string characters out of 3145228
 1986488 words of memory out of 3000000
 38103 multiletter control sequences out of 15000+200000
 38904 words of font info for 111 fonts, out of 3000000 for 9000
 1141 hyphenation exceptions out of 8191
 69i,20n,120p,10397b,2421s stack positions out of 5000i,500n,10000p,200000b,50000s
{C:/MiKTeX 2.9/fonts/enc/dvips/base/8r.enc}<C:/MiKTeX 2.9/fonts/type1/public/
amsfonts/cm/cmex10.pfb><C:/MiKTeX 2.9/fonts/type1/public/amsfonts/cm/cmr10.pfb>
<C:/MiKTeX 2.9/fonts/type1/public/amsfonts/cm/cmsy10.pfb><C:/MiKTeX 2.9/fonts/t
ype1/public/mathpazo/fplmri.pfb><C:/MiKTeX 2.9/fonts/type1/urw/palatino/uplr8a.
pfb><C:/MiKTeX 2.9/fonts/type1/urw/palatino/uplri8a.pfb>
Output written on signal_analysis_figures.pdf (44 pages, 1350445 bytes).
PDF statistics:
 173 PDF objects out of 1000 (max. 8388607)
 0 named destinations out of 1000 (max. 500000)
 13 words of extra memory for PDF output out of 10000 (max. 10000000)

